0000000000 | 21 0000000000001440               	push 5  
0000000009 | 31 0000000000003440               	call :Factorial
0000000012 | 06                                	out
0000000013 | 00                                	hlt
0000000014 | 47 00                             	pop rax
0000000016 | 21 000000000000F03F               	push 1
000000001F | 47 03                             	pop rbx
0000000021 | 31 0000000000804640               	call :DoFactorial
000000002A | 41 03                             	push rbx
000000002C | 12                                	ret
000000002D | 21 0000000000000000               	push 0
0000000036 | 41 00                             	push rax
0000000038 | 2D 0000000000405740               	je :endDoFactorial
0000000041 | 41 03                             	push rbx
0000000043 | 41 00                                 push rax
0000000045 | 04                                	mul
0000000046 | 47 03                             	pop rbx
0000000048 | 61 000000000000F0BF 00            	push rax + -1 ; Hehe
0000000052 | 47 00                             	pop rax
0000000054 | 31 0000000000804640               	call :DoFactorial	
000000005D | 12                                	ret
